{"/Users/lvvijaykumar/todo-app/src/server.js": {"path":"/Users/lvvijaykumar/todo-app/src/server.js","statementMap":{"0":{"start":{"line":1,"column":16},"end":{"line":1,"column":34}},"1":{"start":{"line":2,"column":13},"end":{"line":2,"column":28}},"2":{"start":{"line":4,"column":12},"end":{"line":4,"column":21}},"3":{"start":{"line":5,"column":0},"end":{"line":5,"column":24}},"4":{"start":{"line":6,"column":0},"end":{"line":6,"column":59}},"5":{"start":{"line":9,"column":14},"end":{"line":9,"column":23}},"6":{"start":{"line":10,"column":16},"end":{"line":10,"column":17}},"7":{"start":{"line":12,"column":17},"end":{"line":12,"column":48}},"8":{"start":{"line":13,"column":19},"end":{"line":13,"column":44}},"9":{"start":{"line":16,"column":13},"end":{"line":16,"column":32}},"10":{"start":{"line":17,"column":15},"end":{"line":27,"column":3}},"11":{"start":{"line":28,"column":2},"end":{"line":28,"column":22}},"12":{"start":{"line":29,"column":2},"end":{"line":29,"column":14}},"13":{"start":{"line":33,"column":0},"end":{"line":33,"column":158}},"14":{"start":{"line":34,"column":0},"end":{"line":34,"column":148}},"15":{"start":{"line":35,"column":0},"end":{"line":35,"column":158}},"16":{"start":{"line":36,"column":0},"end":{"line":36,"column":139}},"17":{"start":{"line":37,"column":0},"end":{"line":37,"column":145}},"18":{"start":{"line":42,"column":0},"end":{"line":59,"column":3}},"19":{"start":{"line":43,"column":15},"end":{"line":43,"column":34}},"20":{"start":{"line":44,"column":45},"end":{"line":44,"column":54}},"21":{"start":{"line":46,"column":2},"end":{"line":46,"column":92}},"22":{"start":{"line":46,"column":43},"end":{"line":46,"column":92}},"23":{"start":{"line":46,"column":71},"end":{"line":46,"column":90}},"24":{"start":{"line":47,"column":2},"end":{"line":47,"column":102}},"25":{"start":{"line":47,"column":49},"end":{"line":47,"column":102}},"26":{"start":{"line":47,"column":77},"end":{"line":47,"column":100}},"27":{"start":{"line":48,"column":2},"end":{"line":51,"column":3}},"28":{"start":{"line":49,"column":14},"end":{"line":49,"column":34}},"29":{"start":{"line":50,"column":4},"end":{"line":50,"column":110}},"30":{"start":{"line":50,"column":32},"end":{"line":50,"column":108}},"31":{"start":{"line":52,"column":2},"end":{"line":55,"column":3}},"32":{"start":{"line":53,"column":20},"end":{"line":53,"column":68}},"33":{"start":{"line":53,"column":45},"end":{"line":53,"column":67}},"34":{"start":{"line":54,"column":4},"end":{"line":54,"column":101}},"35":{"start":{"line":54,"column":32},"end":{"line":54,"column":99}},"36":{"start":{"line":54,"column":52},"end":{"line":54,"column":98}},"37":{"start":{"line":54,"column":68},"end":{"line":54,"column":83}},"38":{"start":{"line":57,"column":2},"end":{"line":57,"column":71}},"39":{"start":{"line":57,"column":24},"end":{"line":57,"column":69}},"40":{"start":{"line":58,"column":2},"end":{"line":58,"column":66}},"41":{"start":{"line":62,"column":0},"end":{"line":66,"column":3}},"42":{"start":{"line":63,"column":15},"end":{"line":63,"column":39}},"43":{"start":{"line":64,"column":2},"end":{"line":64,"column":88}},"44":{"start":{"line":64,"column":13},"end":{"line":64,"column":88}},"45":{"start":{"line":65,"column":2},"end":{"line":65,"column":42}},"46":{"start":{"line":69,"column":0},"end":{"line":77,"column":3}},"47":{"start":{"line":70,"column":66},"end":{"line":70,"column":74}},"48":{"start":{"line":71,"column":2},"end":{"line":71,"column":109}},"49":{"start":{"line":71,"column":31},"end":{"line":71,"column":109}},"50":{"start":{"line":72,"column":2},"end":{"line":72,"column":127}},"51":{"start":{"line":72,"column":50},"end":{"line":72,"column":127}},"52":{"start":{"line":73,"column":2},"end":{"line":73,"column":119}},"53":{"start":{"line":73,"column":44},"end":{"line":73,"column":119}},"54":{"start":{"line":75,"column":15},"end":{"line":75,"column":96}},"55":{"start":{"line":76,"column":2},"end":{"line":76,"column":54}},"56":{"start":{"line":80,"column":0},"end":{"line":101,"column":3}},"57":{"start":{"line":81,"column":15},"end":{"line":81,"column":39}},"58":{"start":{"line":82,"column":2},"end":{"line":82,"column":88}},"59":{"start":{"line":82,"column":13},"end":{"line":82,"column":88}},"60":{"start":{"line":84,"column":66},"end":{"line":84,"column":74}},"61":{"start":{"line":85,"column":2},"end":{"line":85,"column":53}},"62":{"start":{"line":85,"column":27},"end":{"line":85,"column":53}},"63":{"start":{"line":86,"column":2},"end":{"line":86,"column":64}},"64":{"start":{"line":86,"column":33},"end":{"line":86,"column":64}},"65":{"start":{"line":87,"column":2},"end":{"line":90,"column":3}},"66":{"start":{"line":88,"column":4},"end":{"line":88,"column":117}},"67":{"start":{"line":88,"column":40},"end":{"line":88,"column":117}},"68":{"start":{"line":89,"column":4},"end":{"line":89,"column":29}},"69":{"start":{"line":91,"column":2},"end":{"line":94,"column":3}},"70":{"start":{"line":92,"column":4},"end":{"line":92,"column":111}},"71":{"start":{"line":92,"column":36},"end":{"line":92,"column":111}},"72":{"start":{"line":93,"column":4},"end":{"line":93,"column":25}},"73":{"start":{"line":95,"column":2},"end":{"line":95,"column":52}},"74":{"start":{"line":95,"column":29},"end":{"line":95,"column":52}},"75":{"start":{"line":96,"column":2},"end":{"line":96,"column":70}},"76":{"start":{"line":96,"column":26},"end":{"line":96,"column":70}},"77":{"start":{"line":97,"column":2},"end":{"line":97,"column":44}},"78":{"start":{"line":99,"column":2},"end":{"line":99,"column":27}},"79":{"start":{"line":100,"column":2},"end":{"line":100,"column":42}},"80":{"start":{"line":104,"column":0},"end":{"line":108,"column":3}},"81":{"start":{"line":105,"column":2},"end":{"line":105,"column":108}},"82":{"start":{"line":105,"column":33},"end":{"line":105,"column":108}},"83":{"start":{"line":106,"column":2},"end":{"line":106,"column":30}},"84":{"start":{"line":107,"column":2},"end":{"line":107,"column":55}},"85":{"start":{"line":111,"column":0},"end":{"line":125,"column":3}},"86":{"start":{"line":112,"column":14},"end":{"line":112,"column":33}},"87":{"start":{"line":113,"column":2},"end":{"line":124,"column":5}},"88":{"start":{"line":117,"column":28},"end":{"line":117,"column":47}},"89":{"start":{"line":118,"column":34},"end":{"line":118,"column":60}},"90":{"start":{"line":119,"column":28},"end":{"line":119,"column":47}},"91":{"start":{"line":120,"column":28},"end":{"line":120,"column":49}},"92":{"start":{"line":121,"column":30},"end":{"line":121,"column":53}},"93":{"start":{"line":122,"column":27},"end":{"line":122,"column":47}},"94":{"start":{"line":128,"column":0},"end":{"line":128,"column":106}},"95":{"start":{"line":128,"column":33},"end":{"line":128,"column":104}},"96":{"start":{"line":131,"column":0},"end":{"line":131,"column":87}},"97":{"start":{"line":131,"column":27},"end":{"line":131,"column":85}},"98":{"start":{"line":133,"column":13},"end":{"line":133,"column":37}},"99":{"start":{"line":136,"column":0},"end":{"line":136,"column":21}}},"fnMap":{"0":{"name":"createTask","decl":{"start":{"line":15,"column":9},"end":{"line":15,"column":19}},"loc":{"start":{"line":15,"column":114},"end":{"line":30,"column":1}},"line":15},"1":{"name":"(anonymous_1)","decl":{"start":{"line":42,"column":22},"end":{"line":42,"column":23}},"loc":{"start":{"line":42,"column":36},"end":{"line":59,"column":1}},"line":42},"2":{"name":"(anonymous_2)","decl":{"start":{"line":46,"column":66},"end":{"line":46,"column":67}},"loc":{"start":{"line":46,"column":71},"end":{"line":46,"column":90}},"line":46},"3":{"name":"(anonymous_3)","decl":{"start":{"line":47,"column":72},"end":{"line":47,"column":73}},"loc":{"start":{"line":47,"column":77},"end":{"line":47,"column":100}},"line":47},"4":{"name":"(anonymous_4)","decl":{"start":{"line":50,"column":27},"end":{"line":50,"column":28}},"loc":{"start":{"line":50,"column":32},"end":{"line":50,"column":108}},"line":50},"5":{"name":"(anonymous_5)","decl":{"start":{"line":53,"column":40},"end":{"line":53,"column":41}},"loc":{"start":{"line":53,"column":45},"end":{"line":53,"column":67}},"line":53},"6":{"name":"(anonymous_6)","decl":{"start":{"line":54,"column":27},"end":{"line":54,"column":28}},"loc":{"start":{"line":54,"column":32},"end":{"line":54,"column":99}},"line":54},"7":{"name":"(anonymous_7)","decl":{"start":{"line":54,"column":45},"end":{"line":54,"column":46}},"loc":{"start":{"line":54,"column":52},"end":{"line":54,"column":98}},"line":54},"8":{"name":"(anonymous_8)","decl":{"start":{"line":54,"column":63},"end":{"line":54,"column":64}},"loc":{"start":{"line":54,"column":68},"end":{"line":54,"column":83}},"line":54},"9":{"name":"(anonymous_9)","decl":{"start":{"line":57,"column":14},"end":{"line":57,"column":15}},"loc":{"start":{"line":57,"column":24},"end":{"line":57,"column":69}},"line":57},"10":{"name":"(anonymous_10)","decl":{"start":{"line":62,"column":26},"end":{"line":62,"column":27}},"loc":{"start":{"line":62,"column":40},"end":{"line":66,"column":1}},"line":62},"11":{"name":"(anonymous_11)","decl":{"start":{"line":69,"column":23},"end":{"line":69,"column":24}},"loc":{"start":{"line":69,"column":37},"end":{"line":77,"column":1}},"line":69},"12":{"name":"(anonymous_12)","decl":{"start":{"line":80,"column":28},"end":{"line":80,"column":29}},"loc":{"start":{"line":80,"column":42},"end":{"line":101,"column":1}},"line":80},"13":{"name":"(anonymous_13)","decl":{"start":{"line":104,"column":29},"end":{"line":104,"column":30}},"loc":{"start":{"line":104,"column":43},"end":{"line":108,"column":1}},"line":104},"14":{"name":"(anonymous_14)","decl":{"start":{"line":111,"column":22},"end":{"line":111,"column":23}},"loc":{"start":{"line":111,"column":36},"end":{"line":125,"column":1}},"line":111},"15":{"name":"(anonymous_15)","decl":{"start":{"line":117,"column":23},"end":{"line":117,"column":24}},"loc":{"start":{"line":117,"column":28},"end":{"line":117,"column":47}},"line":117},"16":{"name":"(anonymous_16)","decl":{"start":{"line":118,"column":29},"end":{"line":118,"column":30}},"loc":{"start":{"line":118,"column":34},"end":{"line":118,"column":60}},"line":118},"17":{"name":"(anonymous_17)","decl":{"start":{"line":119,"column":23},"end":{"line":119,"column":24}},"loc":{"start":{"line":119,"column":28},"end":{"line":119,"column":47}},"line":119},"18":{"name":"(anonymous_18)","decl":{"start":{"line":120,"column":23},"end":{"line":120,"column":24}},"loc":{"start":{"line":120,"column":28},"end":{"line":120,"column":49}},"line":120},"19":{"name":"(anonymous_19)","decl":{"start":{"line":121,"column":25},"end":{"line":121,"column":26}},"loc":{"start":{"line":121,"column":30},"end":{"line":121,"column":53}},"line":121},"20":{"name":"(anonymous_20)","decl":{"start":{"line":122,"column":22},"end":{"line":122,"column":23}},"loc":{"start":{"line":122,"column":27},"end":{"line":122,"column":47}},"line":122},"21":{"name":"(anonymous_21)","decl":{"start":{"line":128,"column":19},"end":{"line":128,"column":20}},"loc":{"start":{"line":128,"column":33},"end":{"line":128,"column":104}},"line":128},"22":{"name":"(anonymous_22)","decl":{"start":{"line":131,"column":13},"end":{"line":131,"column":14}},"loc":{"start":{"line":131,"column":27},"end":{"line":131,"column":85}},"line":131}},"branchMap":{"0":{"loc":{"start":{"line":15,"column":29},"end":{"line":15,"column":45}},"type":"default-arg","locations":[{"start":{"line":15,"column":43},"end":{"line":15,"column":45}}],"line":15},"1":{"loc":{"start":{"line":15,"column":47},"end":{"line":15,"column":66}},"type":"default-arg","locations":[{"start":{"line":15,"column":58},"end":{"line":15,"column":66}}],"line":15},"2":{"loc":{"start":{"line":15,"column":68},"end":{"line":15,"column":83}},"type":"default-arg","locations":[{"start":{"line":15,"column":77},"end":{"line":15,"column":83}}],"line":15},"3":{"loc":{"start":{"line":15,"column":85},"end":{"line":15,"column":99}},"type":"default-arg","locations":[{"start":{"line":15,"column":95},"end":{"line":15,"column":99}}],"line":15},"4":{"loc":{"start":{"line":15,"column":101},"end":{"line":15,"column":110}},"type":"default-arg","locations":[{"start":{"line":15,"column":108},"end":{"line":15,"column":110}}],"line":15},"5":{"loc":{"start":{"line":24,"column":10},"end":{"line":24,"column":41}},"type":"cond-expr","locations":[{"start":{"line":24,"column":32},"end":{"line":24,"column":36}},{"start":{"line":24,"column":39},"end":{"line":24,"column":41}}],"line":24},"6":{"loc":{"start":{"line":46,"column":2},"end":{"line":46,"column":92}},"type":"if","locations":[{"start":{"line":46,"column":2},"end":{"line":46,"column":92}},{"start":{},"end":{}}],"line":46},"7":{"loc":{"start":{"line":46,"column":6},"end":{"line":46,"column":41}},"type":"binary-expr","locations":[{"start":{"line":46,"column":6},"end":{"line":46,"column":12}},{"start":{"line":46,"column":16},"end":{"line":46,"column":41}}],"line":46},"8":{"loc":{"start":{"line":47,"column":2},"end":{"line":47,"column":102}},"type":"if","locations":[{"start":{"line":47,"column":2},"end":{"line":47,"column":102}},{"start":{},"end":{}}],"line":47},"9":{"loc":{"start":{"line":47,"column":6},"end":{"line":47,"column":47}},"type":"binary-expr","locations":[{"start":{"line":47,"column":6},"end":{"line":47,"column":14}},{"start":{"line":47,"column":18},"end":{"line":47,"column":47}}],"line":47},"10":{"loc":{"start":{"line":48,"column":2},"end":{"line":51,"column":3}},"type":"if","locations":[{"start":{"line":48,"column":2},"end":{"line":51,"column":3}},{"start":{},"end":{}}],"line":48},"11":{"loc":{"start":{"line":50,"column":32},"end":{"line":50,"column":108}},"type":"binary-expr","locations":[{"start":{"line":50,"column":32},"end":{"line":50,"column":65}},{"start":{"line":50,"column":69},"end":{"line":50,"column":108}}],"line":50},"12":{"loc":{"start":{"line":52,"column":2},"end":{"line":55,"column":3}},"type":"if","locations":[{"start":{"line":52,"column":2},"end":{"line":55,"column":3}},{"start":{},"end":{}}],"line":52},"13":{"loc":{"start":{"line":64,"column":2},"end":{"line":64,"column":88}},"type":"if","locations":[{"start":{"line":64,"column":2},"end":{"line":64,"column":88}},{"start":{},"end":{}}],"line":64},"14":{"loc":{"start":{"line":71,"column":2},"end":{"line":71,"column":109}},"type":"if","locations":[{"start":{"line":71,"column":2},"end":{"line":71,"column":109}},{"start":{},"end":{}}],"line":71},"15":{"loc":{"start":{"line":71,"column":6},"end":{"line":71,"column":29}},"type":"binary-expr","locations":[{"start":{"line":71,"column":6},"end":{"line":71,"column":12}},{"start":{"line":71,"column":16},"end":{"line":71,"column":29}}],"line":71},"16":{"loc":{"start":{"line":72,"column":2},"end":{"line":72,"column":127}},"type":"if","locations":[{"start":{"line":72,"column":2},"end":{"line":72,"column":127}},{"start":{},"end":{}}],"line":72},"17":{"loc":{"start":{"line":72,"column":6},"end":{"line":72,"column":48}},"type":"binary-expr","locations":[{"start":{"line":72,"column":6},"end":{"line":72,"column":14}},{"start":{"line":72,"column":18},"end":{"line":72,"column":48}}],"line":72},"18":{"loc":{"start":{"line":73,"column":2},"end":{"line":73,"column":119}},"type":"if","locations":[{"start":{"line":73,"column":2},"end":{"line":73,"column":119}},{"start":{},"end":{}}],"line":73},"19":{"loc":{"start":{"line":73,"column":6},"end":{"line":73,"column":42}},"type":"binary-expr","locations":[{"start":{"line":73,"column":6},"end":{"line":73,"column":12}},{"start":{"line":73,"column":16},"end":{"line":73,"column":42}}],"line":73},"20":{"loc":{"start":{"line":82,"column":2},"end":{"line":82,"column":88}},"type":"if","locations":[{"start":{"line":82,"column":2},"end":{"line":82,"column":88}},{"start":{},"end":{}}],"line":82},"21":{"loc":{"start":{"line":85,"column":2},"end":{"line":85,"column":53}},"type":"if","locations":[{"start":{"line":85,"column":2},"end":{"line":85,"column":53}},{"start":{},"end":{}}],"line":85},"22":{"loc":{"start":{"line":86,"column":2},"end":{"line":86,"column":64}},"type":"if","locations":[{"start":{"line":86,"column":2},"end":{"line":86,"column":64}},{"start":{},"end":{}}],"line":86},"23":{"loc":{"start":{"line":87,"column":2},"end":{"line":90,"column":3}},"type":"if","locations":[{"start":{"line":87,"column":2},"end":{"line":90,"column":3}},{"start":{},"end":{}}],"line":87},"24":{"loc":{"start":{"line":88,"column":4},"end":{"line":88,"column":117}},"type":"if","locations":[{"start":{"line":88,"column":4},"end":{"line":88,"column":117}},{"start":{},"end":{}}],"line":88},"25":{"loc":{"start":{"line":91,"column":2},"end":{"line":94,"column":3}},"type":"if","locations":[{"start":{"line":91,"column":2},"end":{"line":94,"column":3}},{"start":{},"end":{}}],"line":91},"26":{"loc":{"start":{"line":92,"column":4},"end":{"line":92,"column":111}},"type":"if","locations":[{"start":{"line":92,"column":4},"end":{"line":92,"column":111}},{"start":{},"end":{}}],"line":92},"27":{"loc":{"start":{"line":95,"column":2},"end":{"line":95,"column":52}},"type":"if","locations":[{"start":{"line":95,"column":2},"end":{"line":95,"column":52}},{"start":{},"end":{}}],"line":95},"28":{"loc":{"start":{"line":96,"column":2},"end":{"line":96,"column":70}},"type":"if","locations":[{"start":{"line":96,"column":2},"end":{"line":96,"column":70}},{"start":{},"end":{}}],"line":96},"29":{"loc":{"start":{"line":96,"column":38},"end":{"line":96,"column":69}},"type":"cond-expr","locations":[{"start":{"line":96,"column":60},"end":{"line":96,"column":64}},{"start":{"line":96,"column":67},"end":{"line":96,"column":69}}],"line":96},"30":{"loc":{"start":{"line":105,"column":2},"end":{"line":105,"column":108}},"type":"if","locations":[{"start":{"line":105,"column":2},"end":{"line":105,"column":108}},{"start":{},"end":{}}],"line":105},"31":{"loc":{"start":{"line":133,"column":13},"end":{"line":133,"column":37}},"type":"binary-expr","locations":[{"start":{"line":133,"column":13},"end":{"line":133,"column":29}},{"start":{"line":133,"column":33},"end":{"line":133,"column":37}}],"line":133}},"s":{"0":1,"1":1,"2":1,"3":1,"4":1,"5":1,"6":1,"7":1,"8":1,"9":17,"10":17,"11":17,"12":17,"13":1,"14":1,"15":1,"16":1,"17":1,"18":1,"19":8,"20":8,"21":8,"22":3,"23":30,"24":8,"25":1,"26":10,"27":8,"28":1,"29":1,"30":11,"31":8,"32":1,"33":1,"34":1,"35":12,"36":12,"37":8,"38":8,"39":72,"40":8,"41":1,"42":5,"43":5,"44":3,"45":2,"46":1,"47":16,"48":16,"49":2,"50":14,"51":1,"52":13,"53":1,"54":12,"55":12,"56":1,"57":8,"58":8,"59":1,"60":7,"61":7,"62":2,"63":7,"64":0,"65":7,"66":4,"67":1,"68":3,"69":6,"70":4,"71":1,"72":3,"73":5,"74":0,"75":5,"76":0,"77":5,"78":5,"79":5,"80":1,"81":4,"82":1,"83":3,"84":3,"85":1,"86":1,"87":1,"88":14,"89":14,"90":14,"91":14,"92":14,"93":14,"94":1,"95":1,"96":1,"97":0,"98":1,"99":1},"f":{"0":17,"1":8,"2":30,"3":10,"4":11,"5":1,"6":12,"7":12,"8":8,"9":72,"10":5,"11":16,"12":8,"13":4,"14":1,"15":14,"16":14,"17":14,"18":14,"19":14,"20":14,"21":1,"22":0},"b":{"0":[11],"1":[9],"2":[9],"3":[16],"4":[10],"5":[17,0],"6":[3,5],"7":[8,3],"8":[1,7],"9":[8,1],"10":[1,7],"11":[11,10],"12":[1,7],"13":[3,2],"14":[2,14],"15":[16,14],"16":[1,13],"17":[14,4],"18":[1,12],"19":[13,4],"20":[1,7],"21":[2,5],"22":[0,7],"23":[4,3],"24":[1,3],"25":[4,2],"26":[1,3],"27":[0,5],"28":[0,5],"29":[0,0],"30":[1,3],"31":[1,1]},"_coverageSchema":"1a1c01bbd47fc00a2c39e90264f33305004495a9","hash":"fed4d5a2046a8d9669284c1e6b81975e08b4233d"}
}
