TN:
SF:src/server.js
FN:15,createTask
FN:42,(anonymous_1)
FN:46,(anonymous_2)
FN:47,(anonymous_3)
FN:50,(anonymous_4)
FN:53,(anonymous_5)
FN:54,(anonymous_6)
FN:54,(anonymous_7)
FN:54,(anonymous_8)
FN:57,(anonymous_9)
FN:62,(anonymous_10)
FN:69,(anonymous_11)
FN:80,(anonymous_12)
FN:104,(anonymous_13)
FN:111,(anonymous_14)
FN:117,(anonymous_15)
FN:118,(anonymous_16)
FN:119,(anonymous_17)
FN:120,(anonymous_18)
FN:121,(anonymous_19)
FN:122,(anonymous_20)
FN:128,(anonymous_21)
FN:131,(anonymous_22)
FN:134,(anonymous_23)
FNF:24
FNH:23
FNDA:17,createTask
FNDA:8,(anonymous_1)
FNDA:30,(anonymous_2)
FNDA:10,(anonymous_3)
FNDA:11,(anonymous_4)
FNDA:1,(anonymous_5)
FNDA:12,(anonymous_6)
FNDA:12,(anonymous_7)
FNDA:8,(anonymous_8)
FNDA:72,(anonymous_9)
FNDA:5,(anonymous_10)
FNDA:16,(anonymous_11)
FNDA:8,(anonymous_12)
FNDA:4,(anonymous_13)
FNDA:1,(anonymous_14)
FNDA:14,(anonymous_15)
FNDA:14,(anonymous_16)
FNDA:14,(anonymous_17)
FNDA:14,(anonymous_18)
FNDA:14,(anonymous_19)
FNDA:14,(anonymous_20)
FNDA:1,(anonymous_21)
FNDA:0,(anonymous_22)
FNDA:1,(anonymous_23)
DA:1,1
DA:2,1
DA:4,1
DA:5,1
DA:6,1
DA:9,1
DA:10,1
DA:12,1
DA:13,1
DA:16,17
DA:17,17
DA:28,17
DA:29,17
DA:33,1
DA:34,1
DA:35,1
DA:36,1
DA:37,1
DA:42,1
DA:43,8
DA:44,8
DA:46,30
DA:47,10
DA:48,8
DA:49,1
DA:50,11
DA:52,8
DA:53,1
DA:54,12
DA:57,72
DA:58,8
DA:62,1
DA:63,5
DA:64,5
DA:65,2
DA:69,1
DA:70,16
DA:71,16
DA:72,14
DA:73,13
DA:75,12
DA:76,12
DA:80,1
DA:81,8
DA:82,8
DA:84,7
DA:85,7
DA:86,7
DA:87,7
DA:88,4
DA:89,3
DA:91,6
DA:92,4
DA:93,3
DA:95,5
DA:96,5
DA:97,5
DA:99,5
DA:100,5
DA:104,1
DA:105,4
DA:106,3
DA:107,3
DA:111,1
DA:112,1
DA:113,1
DA:117,14
DA:118,14
DA:119,14
DA:120,14
DA:121,14
DA:122,14
DA:128,1
DA:131,1
DA:133,1
DA:134,1
DA:136,1
LF:77
LH:77
BRDA:15,0,0,11
BRDA:15,1,0,9
BRDA:15,2,0,9
BRDA:15,3,0,16
BRDA:15,4,0,10
BRDA:24,5,0,17
BRDA:24,5,1,0
BRDA:46,6,0,3
BRDA:46,6,1,5
BRDA:46,7,0,8
BRDA:46,7,1,3
BRDA:47,8,0,1
BRDA:47,8,1,7
BRDA:47,9,0,8
BRDA:47,9,1,1
BRDA:48,10,0,1
BRDA:48,10,1,7
BRDA:50,11,0,11
BRDA:50,11,1,10
BRDA:52,12,0,1
BRDA:52,12,1,7
BRDA:64,13,0,3
BRDA:64,13,1,2
BRDA:71,14,0,2
BRDA:71,14,1,14
BRDA:71,15,0,16
BRDA:71,15,1,14
BRDA:72,16,0,1
BRDA:72,16,1,13
BRDA:72,17,0,14
BRDA:72,17,1,4
BRDA:73,18,0,1
BRDA:73,18,1,12
BRDA:73,19,0,13
BRDA:73,19,1,4
BRDA:82,20,0,1
BRDA:82,20,1,7
BRDA:85,21,0,2
BRDA:85,21,1,5
BRDA:86,22,0,0
BRDA:86,22,1,7
BRDA:87,23,0,4
BRDA:87,23,1,3
BRDA:88,24,0,1
BRDA:88,24,1,3
BRDA:91,25,0,4
BRDA:91,25,1,2
BRDA:92,26,0,1
BRDA:92,26,1,3
BRDA:95,27,0,0
BRDA:95,27,1,5
BRDA:96,28,0,0
BRDA:96,28,1,5
BRDA:96,29,0,0
BRDA:96,29,1,0
BRDA:105,30,0,1
BRDA:105,30,1,3
BRDA:133,31,0,1
BRDA:133,31,1,1
BRF:59
BRH:53
end_of_record
